===== install =====
COMMAND: python -m pip install -r backend/requirements-lock.txt
Collecting fastapi==0.128.2 (from -r backend/requirements-lock.txt (line 4))
  Downloading fastapi-0.128.2-py3-none-any.whl.metadata (30 kB)
Collecting uvicorn==0.48.0 (from uvicorn[standard]==0.48.0->-r backend/requirements-lock.txt (line 5))
  Downloading uvicorn-0.48.0-py3-none-any.whl.metadata (6.7 kB)
Collecting pydantic==2.13.4 (from -r backend/requirements-lock.txt (line 6))
  Downloading pydantic-2.13.4-py3-none-any.whl.metadata (109 kB)
Collecting sympy==1.14.0 (from -r backend/requirements-lock.txt (line 7))
  Downloading sympy-1.14.0-py3-none-any.whl.metadata (12 kB)
Collecting pytest==9.0.2 (from -r backend/requirements-lock.txt (line 8))
  Downloading pytest-9.0.2-py3-none-any.whl.metadata (7.6 kB)
Collecting httpx==0.28.1 (from -r backend/requirements-lock.txt (line 9))
  Downloading httpx-0.28.1-py3-none-any.whl.metadata (7.1 kB)
Collecting python-multipart==0.0.29 (from -r backend/requirements-lock.txt (line 10))
  Downloading python_multipart-0.0.29-py3-none-any.whl.metadata (2.1 kB)
Collecting pint==0.25.3 (from -r backend/requirements-lock.txt (line 11))
  Downloading pint-0.25.3-py3-none-any.whl.metadata (10 kB)
Collecting numpy==2.3.5 (from -r backend/requirements-lock.txt (line 12))
  Downloading numpy-2.3.5-cp313-cp313-manylinux_2_27_x86_64.manylinux_2_28_x86_64.whl.metadata (62 kB)
Collecting scipy==1.17.0 (from -r backend/requirements-lock.txt (line 13))
  Downloading scipy-1.17.0-cp313-cp313-manylinux_2_27_x86_64.manylinux_2_28_x86_64.whl.metadata (62 kB)
Collecting pydy==0.7.1 (from -r backend/requirements-lock.txt (line 14))
  Downloading pydy-0.7.1.tar.gz (6.6 MB)
     ━━━━━━━━━━━━━━━━━━━━━━━━━━━━━━━━━━━━━━━━ 6.6/6.6 MB 238.7 MB/s  0:00:00
  Installing build dependencies: started
  Installing build dependencies: finished with status 'done'
  Getting requirements to build wheel: started
  Getting requirements to build wheel: finished with status 'done'
  Preparing metadata (pyproject.toml): started
  Preparing metadata (pyproject.toml): finished with status 'done'
Collecting starlette<0.51.0,>=0.40.0 (from fastapi==0.128.2->-r backend/requirements-lock.txt (line 4))
  Downloading starlette-0.50.0-py3-none-any.whl.metadata (6.3 kB)
Collecting typing-extensions>=4.8.0 (from fastapi==0.128.2->-r backend/requirements-lock.txt (line 4))
  Downloading typing_extensions-4.16.0-py3-none-any.whl.metadata (3.3 kB)
Collecting typing-inspection>=0.4.2 (from fastapi==0.128.2->-r backend/requirements-lock.txt (line 4))
  Downloading typing_inspection-0.4.2-py3-none-any.whl.metadata (2.6 kB)
Collecting annotated-doc>=0.0.2 (from fastapi==0.128.2->-r backend/requirements-lock.txt (line 4))
  Downloading annotated_doc-0.0.4-py3-none-any.whl.metadata (6.6 kB)
Collecting click>=7.0 (from uvicorn==0.48.0->uvicorn[standard]==0.48.0->-r backend/requirements-lock.txt (line 5))
  Downloading click-8.4.2-py3-none-any.whl.metadata (2.6 kB)
Collecting h11>=0.8 (from uvicorn==0.48.0->uvicorn[standard]==0.48.0->-r backend/requirements-lock.txt (line 5))
  Downloading h11-0.16.0-py3-none-any.whl.metadata (8.3 kB)
Collecting annotated-types>=0.6.0 (from pydantic==2.13.4->-r backend/requirements-lock.txt (line 6))
  Downloading annotated_types-0.7.0-py3-none-any.whl.metadata (15 kB)
Collecting pydantic-core==2.46.4 (from pydantic==2.13.4->-r backend/requirements-lock.txt (line 6))
  Downloading pydantic_core-2.46.4-cp313-cp313-manylinux_2_17_x86_64.manylinux2014_x86_64.whl.metadata (6.6 kB)
Collecting mpmath<1.4,>=1.1.0 (from sympy==1.14.0->-r backend/requirements-lock.txt (line 7))
  Downloading mpmath-1.3.0-py3-none-any.whl.metadata (8.6 kB)
Collecting iniconfig>=1.0.1 (from pytest==9.0.2->-r backend/requirements-lock.txt (line 8))
  Downloading iniconfig-2.3.0-py3-none-any.whl.metadata (2.5 kB)
Collecting packaging>=22 (from pytest==9.0.2->-r backend/requirements-lock.txt (line 8))
  Downloading packaging-26.2-py3-none-any.whl.metadata (3.5 kB)
Collecting pluggy<2,>=1.5 (from pytest==9.0.2->-r backend/requirements-lock.txt (line 8))
  Downloading pluggy-1.6.0-py3-none-any.whl.metadata (4.8 kB)
Collecting pygments>=2.7.2 (from pytest==9.0.2->-r backend/requirements-lock.txt (line 8))
  Downloading pygments-2.20.0-py3-none-any.whl.metadata (2.5 kB)
Collecting anyio (from httpx==0.28.1->-r backend/requirements-lock.txt (line 9))
  Downloading anyio-4.14.1-py3-none-any.whl.metadata (4.6 kB)
Collecting certifi (from httpx==0.28.1->-r backend/requirements-lock.txt (line 9))
  Downloading certifi-2026.6.17-py3-none-any.whl.metadata (2.5 kB)
Collecting httpcore==1.* (from httpx==0.28.1->-r backend/requirements-lock.txt (line 9))
  Downloading httpcore-1.0.9-py3-none-any.whl.metadata (21 kB)
Collecting idna (from httpx==0.28.1->-r backend/requirements-lock.txt (line 9))
  Downloading idna-3.18-py3-none-any.whl.metadata (6.1 kB)
Collecting flexcache>=0.3 (from pint==0.25.3->-r backend/requirements-lock.txt (line 11))
  Downloading flexcache-0.3-py3-none-any.whl.metadata (7.0 kB)
Collecting flexparser>=0.4 (from pint==0.25.3->-r backend/requirements-lock.txt (line 11))
  Downloading flexparser-0.4-py3-none-any.whl.metadata (18 kB)
Collecting platformdirs>=2.1.0 (from pint==0.25.3->-r backend/requirements-lock.txt (line 11))
  Downloading platformdirs-4.10.0-py3-none-any.whl.metadata (5.5 kB)
Collecting setuptools>=44.0.0 (from pydy==0.7.1->-r backend/requirements-lock.txt (line 14))
  Using cached setuptools-83.0.0-py3-none-any.whl.metadata (6.6 kB)
Collecting httptools>=0.6.3 (from uvicorn[standard]==0.48.0->-r backend/requirements-lock.txt (line 5))
  Downloading httptools-0.8.0-cp313-cp313-manylinux1_x86_64.manylinux_2_28_x86_64.manylinux_2_5_x86_64.whl.metadata (3.5 kB)
Collecting python-dotenv>=0.13 (from uvicorn[standard]==0.48.0->-r backend/requirements-lock.txt (line 5))
  Downloading python_dotenv-1.2.2-py3-none-any.whl.metadata (27 kB)
Collecting pyyaml>=5.1 (from uvicorn[standard]==0.48.0->-r backend/requirements-lock.txt (line 5))
  Downloading pyyaml-6.0.3-cp313-cp313-manylinux2014_x86_64.manylinux_2_17_x86_64.manylinux_2_28_x86_64.whl.metadata (2.4 kB)
Collecting uvloop>=0.15.1 (from uvicorn[standard]==0.48.0->-r backend/requirements-lock.txt (line 5))
  Downloading uvloop-0.22.1-cp313-cp313-manylinux2014_x86_64.manylinux_2_17_x86_64.manylinux_2_28_x86_64.whl.metadata (4.9 kB)
Collecting watchfiles>=0.20 (from uvicorn[standard]==0.48.0->-r backend/requirements-lock.txt (line 5))
  Downloading watchfiles-1.2.0-cp313-cp313-manylinux_2_17_x86_64.manylinux2014_x86_64.whl.metadata (4.9 kB)
Collecting websockets>=10.4 (from uvicorn[standard]==0.48.0->-r backend/requirements-lock.txt (line 5))
  Downloading websockets-16.1-cp313-cp313-manylinux1_x86_64.manylinux_2_28_x86_64.manylinux_2_5_x86_64.whl.metadata (6.8 kB)
Downloading fastapi-0.128.2-py3-none-any.whl (104 kB)
Downloading uvicorn-0.48.0-py3-none-any.whl (71 kB)
Downloading pydantic-2.13.4-py3-none-any.whl (472 kB)
Downloading sympy-1.14.0-py3-none-any.whl (6.3 MB)
   ━━━━━━━━━━━━━━━━━━━━━━━━━━━━━━━━━━━━━━━━ 6.3/6.3 MB 299.2 MB/s  0:00:00
Downloading pytest-9.0.2-py3-none-any.whl (374 kB)
Downloading httpx-0.28.1-py3-none-any.whl (73 kB)
Downloading python_multipart-0.0.29-py3-none-any.whl (29 kB)
Downloading pint-0.25.3-py3-none-any.whl (307 kB)
Downloading numpy-2.3.5-cp313-cp313-manylinux_2_27_x86_64.manylinux_2_28_x86_64.whl (16.6 MB)
   ━━━━━━━━━━━━━━━━━━━━━━━━━━━━━━━━━━━━━━━━ 16.6/16.6 MB 287.5 MB/s  0:00:00
Downloading scipy-1.17.0-cp313-cp313-manylinux_2_27_x86_64.manylinux_2_28_x86_64.whl (35.0 MB)
   ━━━━━━━━━━━━━━━━━━━━━━━━━━━━━━━━━━━━━━━━ 35.0/35.0 MB 197.9 MB/s  0:00:00
Downloading pydantic_core-2.46.4-cp313-cp313-manylinux_2_17_x86_64.manylinux2014_x86_64.whl (2.1 MB)
   ━━━━━━━━━━━━━━━━━━━━━━━━━━━━━━━━━━━━━━━━ 2.1/2.1 MB 263.9 MB/s  0:00:00
Downloading httpcore-1.0.9-py3-none-any.whl (78 kB)
Downloading mpmath-1.3.0-py3-none-any.whl (536 kB)
   ━━━━━━━━━━━━━━━━━━━━━━━━━━━━━━━━━━━━━━━━ 536.2/536.2 kB 95.3 MB/s  0:00:00
Downloading pluggy-1.6.0-py3-none-any.whl (20 kB)
Downloading starlette-0.50.0-py3-none-any.whl (74 kB)
Downloading anyio-4.14.1-py3-none-any.whl (124 kB)
Downloading annotated_doc-0.0.4-py3-none-any.whl (5.3 kB)
Downloading annotated_types-0.7.0-py3-none-any.whl (13 kB)
Downloading click-8.4.2-py3-none-any.whl (119 kB)
Downloading flexcache-0.3-py3-none-any.whl (13 kB)
Downloading flexparser-0.4-py3-none-any.whl (27 kB)
Downloading h11-0.16.0-py3-none-any.whl (37 kB)
Downloading httptools-0.8.0-cp313-cp313-manylinux1_x86_64.manylinux_2_28_x86_64.manylinux_2_5_x86_64.whl (486 kB)
Downloading idna-3.18-py3-none-any.whl (65 kB)
Downloading iniconfig-2.3.0-py3-none-any.whl (7.5 kB)
Downloading packaging-26.2-py3-none-any.whl (100 kB)
Downloading platformdirs-4.10.0-py3-none-any.whl (22 kB)
Downloading pygments-2.20.0-py3-none-any.whl (1.2 MB)
   ━━━━━━━━━━━━━━━━━━━━━━━━━━━━━━━━━━━━━━━━ 1.2/1.2 MB 228.0 MB/s  0:00:00
Downloading python_dotenv-1.2.2-py3-none-any.whl (22 kB)
Downloading pyyaml-6.0.3-cp313-cp313-manylinux2014_x86_64.manylinux_2_17_x86_64.manylinux_2_28_x86_64.whl (801 kB)
   ━━━━━━━━━━━━━━━━━━━━━━━━━━━━━━━━━━━━━━━━ 801.6/801.6 kB 154.4 MB/s  0:00:00
Using cached setuptools-83.0.0-py3-none-any.whl (1.0 MB)
Downloading typing_extensions-4.16.0-py3-none-any.whl (45 kB)
Downloading typing_inspection-0.4.2-py3-none-any.whl (14 kB)
Downloading uvloop-0.22.1-cp313-cp313-manylinux2014_x86_64.manylinux_2_17_x86_64.manylinux_2_28_x86_64.whl (4.4 MB)
   ━━━━━━━━━━━━━━━━━━━━━━━━━━━━━━━━━━━━━━━━ 4.4/4.4 MB 329.0 MB/s  0:00:00
Downloading watchfiles-1.2.0-cp313-cp313-manylinux_2_17_x86_64.manylinux2014_x86_64.whl (454 kB)
Downloading websockets-16.1-cp313-cp313-manylinux1_x86_64.manylinux_2_28_x86_64.manylinux_2_5_x86_64.whl (187 kB)
Downloading certifi-2026.6.17-py3-none-any.whl (133 kB)
Building wheels for collected packages: pydy
  Building wheel for pydy (pyproject.toml): started
  Building wheel for pydy (pyproject.toml): finished with status 'done'
  Created wheel for pydy: filename=pydy-0.7.1-py3-none-any.whl size=5227247 sha256=1a586604929031519778486a883dd424158c167d8fa1efb9fdf3144d826c9945
  Stored in directory: /home/runner/.cache/pip/wheels/df/fe/2d/357c7facbef9ce30e2009044c2ba2d805f177cd4ddce578cac
Successfully built pydy
Installing collected packages: mpmath, websockets, uvloop, typing-extensions, sympy, setuptools, pyyaml, python-multipart, python-dotenv, pygments, pluggy, platformdirs, packaging, numpy, iniconfig, idna, httptools, h11, click, certifi, annotated-types, annotated-doc, uvicorn, typing-inspection, scipy, pytest, pydantic-core, httpcore, flexparser, flexcache, anyio, watchfiles, starlette, pydy, pydantic, pint, httpx, fastapi

Successfully installed annotated-doc-0.0.4 annotated-types-0.7.0 anyio-4.14.1 certifi-2026.6.17 click-8.4.2 fastapi-0.128.2 flexcache-0.3 flexparser-0.4 h11-0.16.0 httpcore-1.0.9 httptools-0.8.0 httpx-0.28.1 idna-3.18 iniconfig-2.3.0 mpmath-1.3.0 numpy-2.3.5 packaging-26.2 pint-0.25.3 platformdirs-4.10.0 pluggy-1.6.0 pydantic-2.13.4 pydantic-core-2.46.4 pydy-0.7.1 pygments-2.20.0 pytest-9.0.2 python-dotenv-1.2.2 python-multipart-0.0.29 pyyaml-6.0.3 scipy-1.17.0 setuptools-83.0.0 starlette-0.50.0 sympy-1.14.0 typing-extensions-4.16.0 typing-inspection-0.4.2 uvicorn-0.48.0 uvloop-0.22.1 watchfiles-1.2.0 websockets-16.1
EXIT_CODE: 0
DURATION_SECONDS: 22

===== phase43 =====
COMMAND: env PYTHONPATH=backend python -m pytest backend/tests/test_phase43_canonical_problem_v2.py backend/tests/test_phase42_baseline_contracts.py -q -o addopts=

==================================== ERRORS ====================================
_________ ERROR collecting tests/test_phase43_canonical_problem_v2.py __________
/opt/hostedtoolcache/Python/3.13.14/x64/lib/python3.13/site-packages/_pytest/python.py:507: in importtestmodule
    mod = import_path(
/opt/hostedtoolcache/Python/3.13.14/x64/lib/python3.13/site-packages/_pytest/pathlib.py:587: in import_path
    importlib.import_module(module_name)
/opt/hostedtoolcache/Python/3.13.14/x64/lib/python3.13/importlib/__init__.py:88: in import_module
    return _bootstrap._gcd_import(name[level:], package, level)
           ^^^^^^^^^^^^^^^^^^^^^^^^^^^^^^^^^^^^^^^^^^^^^^^^^^^^
<frozen importlib._bootstrap>:1395: in _gcd_import
    ???
<frozen importlib._bootstrap>:1360: in _find_and_load
    ???
<frozen importlib._bootstrap>:1331: in _find_and_load_unlocked
    ???
<frozen importlib._bootstrap>:935: in _load_unlocked
    ???
/opt/hostedtoolcache/Python/3.13.14/x64/lib/python3.13/site-packages/_pytest/assertion/rewrite.py:188: in exec_module
    source_stat, co = _rewrite_test(fn, self.config)
                      ^^^^^^^^^^^^^^^^^^^^^^^^^^^^^^
/opt/hostedtoolcache/Python/3.13.14/x64/lib/python3.13/site-packages/_pytest/assertion/rewrite.py:357: in _rewrite_test
    tree = ast.parse(source, filename=strfn)
           ^^^^^^^^^^^^^^^^^^^^^^^^^^^^^^^^^
/opt/hostedtoolcache/Python/3.13.14/x64/lib/python3.13/ast.py:50: in parse
    return compile(source, filename, mode, flags,
E     File "/home/runner/work/dynatutor-mvp/dynatutor-mvp/backend/tests/test_phase43_canonical_problem_v2.py", line 137
E       mass = _fact(canonical, "m1")\n\n    assert mass.status == "conflicting"
E                                     ^
E   SyntaxError: unexpected character after line continuation character
=========================== short test summary info ============================
ERROR backend/tests/test_phase43_canonical_problem_v2.py
!!!!!!!!!!!!!!!!!!!! Interrupted: 1 error during collection !!!!!!!!!!!!!!!!!!!!
1 error in 1.82s
EXIT_CODE: 2
DURATION_SECONDS: 4

===== backend_fast =====
COMMAND: bash scripts/check_backend_fast.sh
[backend_fast] pytest fast tests
[run_with_timeout] timeout=120s
[run_with_timeout] cwd=/home/runner/work/dynatutor-mvp/dynatutor-mvp/backend
[run_with_timeout] command=pytest -q -o addopts= -m not benchmark and not audit and not frontend and not slow

==================================== ERRORS ====================================
_________ ERROR collecting tests/test_phase43_canonical_problem_v2.py __________
/opt/hostedtoolcache/Python/3.13.14/x64/lib/python3.13/site-packages/_pytest/python.py:507: in importtestmodule
    mod = import_path(
/opt/hostedtoolcache/Python/3.13.14/x64/lib/python3.13/site-packages/_pytest/pathlib.py:587: in import_path
    importlib.import_module(module_name)
/opt/hostedtoolcache/Python/3.13.14/x64/lib/python3.13/importlib/__init__.py:88: in import_module
    return _bootstrap._gcd_import(name[level:], package, level)
           ^^^^^^^^^^^^^^^^^^^^^^^^^^^^^^^^^^^^^^^^^^^^^^^^^^^^
<frozen importlib._bootstrap>:1395: in _gcd_import
    ???
<frozen importlib._bootstrap>:1360: in _find_and_load
    ???
<frozen importlib._bootstrap>:1331: in _find_and_load_unlocked
    ???
<frozen importlib._bootstrap>:935: in _load_unlocked
    ???
/opt/hostedtoolcache/Python/3.13.14/x64/lib/python3.13/site-packages/_pytest/assertion/rewrite.py:188: in exec_module
    source_stat, co = _rewrite_test(fn, self.config)
                      ^^^^^^^^^^^^^^^^^^^^^^^^^^^^^^
/opt/hostedtoolcache/Python/3.13.14/x64/lib/python3.13/site-packages/_pytest/assertion/rewrite.py:357: in _rewrite_test
    tree = ast.parse(source, filename=strfn)
           ^^^^^^^^^^^^^^^^^^^^^^^^^^^^^^^^^
/opt/hostedtoolcache/Python/3.13.14/x64/lib/python3.13/ast.py:50: in parse
    return compile(source, filename, mode, flags,
E     File "/home/runner/work/dynatutor-mvp/dynatutor-mvp/backend/tests/test_phase43_canonical_problem_v2.py", line 137
E       mass = _fact(canonical, "m1")\n\n    assert mass.status == "conflicting"
E                                     ^
E   SyntaxError: unexpected character after line continuation character
=========================== short test summary info ============================
ERROR tests/test_phase43_canonical_problem_v2.py
!!!!!!!!!!!!!!!!!!!! Interrupted: 1 error during collection !!!!!!!!!!!!!!!!!!!!
42 deselected, 1 error in 2.14s
[run_with_timeout] command exited with code 2
EXIT_CODE: 2
DURATION_SECONDS: 3

===== backend_requested =====
COMMAND: python -m pytest backend/tests -q

==================================== ERRORS ====================================
_________ ERROR collecting tests/test_phase43_canonical_problem_v2.py __________
/opt/hostedtoolcache/Python/3.13.14/x64/lib/python3.13/site-packages/_pytest/python.py:507: in importtestmodule
    mod = import_path(
/opt/hostedtoolcache/Python/3.13.14/x64/lib/python3.13/site-packages/_pytest/pathlib.py:587: in import_path
    importlib.import_module(module_name)
/opt/hostedtoolcache/Python/3.13.14/x64/lib/python3.13/importlib/__init__.py:88: in import_module
    return _bootstrap._gcd_import(name[level:], package, level)
           ^^^^^^^^^^^^^^^^^^^^^^^^^^^^^^^^^^^^^^^^^^^^^^^^^^^^
<frozen importlib._bootstrap>:1395: in _gcd_import
    ???
<frozen importlib._bootstrap>:1360: in _find_and_load
    ???
<frozen importlib._bootstrap>:1331: in _find_and_load_unlocked
    ???
<frozen importlib._bootstrap>:935: in _load_unlocked
    ???
/opt/hostedtoolcache/Python/3.13.14/x64/lib/python3.13/site-packages/_pytest/assertion/rewrite.py:188: in exec_module
    source_stat, co = _rewrite_test(fn, self.config)
                      ^^^^^^^^^^^^^^^^^^^^^^^^^^^^^^
/opt/hostedtoolcache/Python/3.13.14/x64/lib/python3.13/site-packages/_pytest/assertion/rewrite.py:357: in _rewrite_test
    tree = ast.parse(source, filename=strfn)
           ^^^^^^^^^^^^^^^^^^^^^^^^^^^^^^^^^
/opt/hostedtoolcache/Python/3.13.14/x64/lib/python3.13/ast.py:50: in parse
    return compile(source, filename, mode, flags,
E     File "/home/runner/work/dynatutor-mvp/dynatutor-mvp/backend/tests/test_phase43_canonical_problem_v2.py", line 137
E       mass = _fact(canonical, "m1")\n\n    assert mass.status == "conflicting"
E                                     ^
E   SyntaxError: unexpected character after line continuation character
=========================== short test summary info ============================
ERROR backend/tests/test_phase43_canonical_problem_v2.py
!!!!!!!!!!!!!!!!!!!! Interrupted: 1 error during collection !!!!!!!!!!!!!!!!!!!!
42 deselected, 1 error in 1.55s
EXIT_CODE: 2
DURATION_SECONDS: 2

===== frontend_metadata =====
COMMAND: bash scripts/check_frontend_metadata.sh
Traceback (most recent call last):
  File "<stdin>", line 35, in <module>
AssertionError: process-group kill missing
EXIT_CODE: 1
DURATION_SECONDS: 0

===== backend_unfiltered =====
COMMAND: python -m pytest backend/tests -q -o addopts=

==================================== ERRORS ====================================
_________ ERROR collecting tests/test_phase43_canonical_problem_v2.py __________
/opt/hostedtoolcache/Python/3.13.14/x64/lib/python3.13/site-packages/_pytest/python.py:507: in importtestmodule
    mod = import_path(
/opt/hostedtoolcache/Python/3.13.14/x64/lib/python3.13/site-packages/_pytest/pathlib.py:587: in import_path
    importlib.import_module(module_name)
/opt/hostedtoolcache/Python/3.13.14/x64/lib/python3.13/importlib/__init__.py:88: in import_module
    return _bootstrap._gcd_import(name[level:], package, level)
           ^^^^^^^^^^^^^^^^^^^^^^^^^^^^^^^^^^^^^^^^^^^^^^^^^^^^
<frozen importlib._bootstrap>:1395: in _gcd_import
    ???
<frozen importlib._bootstrap>:1360: in _find_and_load
    ???
<frozen importlib._bootstrap>:1331: in _find_and_load_unlocked
    ???
<frozen importlib._bootstrap>:935: in _load_unlocked
    ???
/opt/hostedtoolcache/Python/3.13.14/x64/lib/python3.13/site-packages/_pytest/assertion/rewrite.py:188: in exec_module
    source_stat, co = _rewrite_test(fn, self.config)
                      ^^^^^^^^^^^^^^^^^^^^^^^^^^^^^^
/opt/hostedtoolcache/Python/3.13.14/x64/lib/python3.13/site-packages/_pytest/assertion/rewrite.py:357: in _rewrite_test
    tree = ast.parse(source, filename=strfn)
           ^^^^^^^^^^^^^^^^^^^^^^^^^^^^^^^^^
/opt/hostedtoolcache/Python/3.13.14/x64/lib/python3.13/ast.py:50: in parse
    return compile(source, filename, mode, flags,
E     File "/home/runner/work/dynatutor-mvp/dynatutor-mvp/backend/tests/test_phase43_canonical_problem_v2.py", line 137
E       mass = _fact(canonical, "m1")\n\n    assert mass.status == "conflicting"
E                                     ^
E   SyntaxError: unexpected character after line continuation character
=========================== short test summary info ============================
ERROR backend/tests/test_phase43_canonical_problem_v2.py
!!!!!!!!!!!!!!!!!!!! Interrupted: 1 error during collection !!!!!!!!!!!!!!!!!!!!
1 error in 1.65s
EXIT_CODE: 2
DURATION_SECONDS: 2

OVERALL_EXIT: 1
